<?xml version="1.0" encoding="UTF-8"?>
<testsuite name="TicTacToeTest" tests="1" skipped="0" failures="1" errors="0" timestamp="2020-08-28T16:48:05" hostname="ansagan-Aspire-A715-71G" time="0.221">
  <properties/>
  <testcase name="start" classname="TicTacToeTest" time="0.221">
    <failure message="java.lang.AssertionError: Wrong answer in test #5&#10;&#10;No fields found&#10;&#10;Please find below the output of your program during this failed test.&#10;Note that the '&gt;' character indicates the beginning of the input line.&#10;&#10;---&#10;&#10;Input command: &gt; start user hard" type="java.lang.AssertionError">java.lang.AssertionError: Wrong answer in test #5

No fields found

Please find below the output of your program during this failed test.
Note that the '&gt;' character indicates the beginning of the input line.

---

Input command: &gt; start user hard
	at org.junit.Assert.fail(Assert.java:88)
	at org.hyperskill.hstest.stage.StageTest.start(StageTest.java:97)
	at java.base/jdk.internal.reflect.NativeMethodAccessorImpl.invoke0(Native Method)
	at java.base/jdk.internal.reflect.NativeMethodAccessorImpl.invoke(NativeMethodAccessorImpl.java:62)
	at java.base/jdk.internal.reflect.DelegatingMethodAccessorImpl.invoke(DelegatingMethodAccessorImpl.java:43)
	at java.base/java.lang.reflect.Method.invoke(Method.java:566)
	at org.junit.runners.model.FrameworkMethod$1.runReflectiveCall(FrameworkMethod.java:50)
	at org.junit.internal.runners.model.ReflectiveCallable.run(ReflectiveCallable.java:12)
	at org.junit.runners.model.FrameworkMethod.invokeExplosively(FrameworkMethod.java:47)
	at org.junit.internal.runners.statements.InvokeMethod.evaluate(InvokeMethod.java:17)
	at org.junit.runners.ParentRunner.runLeaf(ParentRunner.java:325)
	at org.junit.runners.BlockJUnit4ClassRunner.runChild(BlockJUnit4ClassRunner.java:78)
	at org.junit.runners.BlockJUnit4ClassRunner.runChild(BlockJUnit4ClassRunner.java:57)
	at org.junit.runners.ParentRunner$3.run(ParentRunner.java:290)
	at org.junit.runners.ParentRunner$1.schedule(ParentRunner.java:71)
	at org.junit.runners.ParentRunner.runChildren(ParentRunner.java:288)
	at org.junit.runners.ParentRunner.access$000(ParentRunner.java:58)
	at org.junit.runners.ParentRunner$2.evaluate(ParentRunner.java:268)
	at org.junit.runners.ParentRunner.run(ParentRunner.java:363)
	at org.gradle.api.internal.tasks.testing.junit.JUnitTestClassExecutor.runTestClass(JUnitTestClassExecutor.java:110)
	at org.gradle.api.internal.tasks.testing.junit.JUnitTestClassExecutor.execute(JUnitTestClassExecutor.java:58)
	at org.gradle.api.internal.tasks.testing.junit.JUnitTestClassExecutor.execute(JUnitTestClassExecutor.java:38)
	at org.gradle.api.internal.tasks.testing.junit.AbstractJUnitTestClassProcessor.processTestClass(AbstractJUnitTestClassProcessor.java:62)
	at org.gradle.api.internal.tasks.testing.SuiteTestClassProcessor.processTestClass(SuiteTestClassProcessor.java:51)
	at java.base/jdk.internal.reflect.NativeMethodAccessorImpl.invoke0(Native Method)
	at java.base/jdk.internal.reflect.NativeMethodAccessorImpl.invoke(NativeMethodAccessorImpl.java:62)
	at java.base/jdk.internal.reflect.DelegatingMethodAccessorImpl.invoke(DelegatingMethodAccessorImpl.java:43)
	at java.base/java.lang.reflect.Method.invoke(Method.java:566)
	at org.gradle.internal.dispatch.ReflectionDispatch.dispatch(ReflectionDispatch.java:35)
	at org.gradle.internal.dispatch.ReflectionDispatch.dispatch(ReflectionDispatch.java:24)
	at org.gradle.internal.dispatch.ContextClassLoaderDispatch.dispatch(ContextClassLoaderDispatch.java:32)
	at org.gradle.internal.dispatch.ProxyDispatchAdapter$DispatchingInvocationHandler.invoke(ProxyDispatchAdapter.java:93)
	at com.sun.proxy.$Proxy2.processTestClass(Unknown Source)
	at org.gradle.api.internal.tasks.testing.worker.TestWorker.processTestClass(TestWorker.java:118)
	at java.base/jdk.internal.reflect.NativeMethodAccessorImpl.invoke0(Native Method)
	at java.base/jdk.internal.reflect.NativeMethodAccessorImpl.invoke(NativeMethodAccessorImpl.java:62)
	at java.base/jdk.internal.reflect.DelegatingMethodAccessorImpl.invoke(DelegatingMethodAccessorImpl.java:43)
	at java.base/java.lang.reflect.Method.invoke(Method.java:566)
	at org.gradle.internal.dispatch.ReflectionDispatch.dispatch(ReflectionDispatch.java:35)
	at org.gradle.internal.dispatch.ReflectionDispatch.dispatch(ReflectionDispatch.java:24)
	at org.gradle.internal.remote.internal.hub.MessageHubBackedObjectConnection$DispatchWrapper.dispatch(MessageHubBackedObjectConnection.java:175)
	at org.gradle.internal.remote.internal.hub.MessageHubBackedObjectConnection$DispatchWrapper.dispatch(MessageHubBackedObjectConnection.java:157)
	at org.gradle.internal.remote.internal.hub.MessageHub$Handler.run(MessageHub.java:404)
	at org.gradle.internal.concurrent.ExecutorPolicy$CatchAndRecordFailures.onExecute(ExecutorPolicy.java:63)
	at org.gradle.internal.concurrent.ManagedExecutorImpl$1.run(ManagedExecutorImpl.java:46)
	at java.base/java.util.concurrent.ThreadPoolExecutor.runWorker(ThreadPoolExecutor.java:1128)
	at java.base/java.util.concurrent.ThreadPoolExecutor$Worker.run(ThreadPoolExecutor.java:628)
	at org.gradle.internal.concurrent.ThreadFactoryImpl$ManagedThreadRunnable.run(ThreadFactoryImpl.java:55)
	at java.base/java.lang.Thread.run(Thread.java:834)
</failure>
  </testcase>
  <system-out><![CDATA[?[1;31m
Start test 1?[0m
Input command: > start user easy
---------
|       |
|       |
|       |
---------
Enter the coordinates: > 1 1
---------
|       |
|       |
| X     |
---------
Making move level "easy"
---------
|       |
|   O   |
| X     |
---------
Enter the coordinates: > 1 2
---------
|       |
| X O   |
| X     |
---------
Making move level "easy"
---------
|       |
| X O O |
| X     |
---------
Enter the coordinates: > 1 3
---------
| X     |
| X O O |
| X     |
---------
X wins
?[1;31m
Start test 2?[0m
Input command: > start easy user
---------
|       |
|       |
|       |
---------
Making move level "easy"
---------
|       |
|   X   |
|       |
---------
Enter the coordinates: > 4 1
Coordinates should be from 1 to 3!
Enter the coordinates: > 1 2
---------
|       |
| O X   |
|       |
---------
Making move level "easy"
---------
|       |
| O X X |
|       |
---------
Enter the coordinates: > 1 3
---------
| O     |
| O X X |
|       |
---------
Making move level "easy"
---------
| O     |
| O X X |
|     X |
---------
Enter the coordinates: > 2 1
---------
| O     |
| O X X |
|   O X |
---------
Making move level "easy"
---------
| O   X |
| O X X |
|   O X |
---------
X wins
?[1;31m
Start test 3?[0m
Input command: > start user medium
---------
|       |
|       |
|       |
---------
Enter the coordinates: > 1 3
---------
| X     |
|       |
|       |
---------
Making move level "medium"
---------
| X     |
|     O |
|       |
---------
Enter the coordinates: > 2 1
---------
| X     |
|     O |
|   X   |
---------
Making move level "medium"
---------
| X   O |
|     O |
|   X   |
---------
Enter the coordinates: > 2 2
---------
| X   O |
|   X O |
|   X   |
---------
Making move level "medium"
---------
| X O O |
|   X O |
|   X   |
---------
Enter the coordinates: > 2 3
This cell is occupied! Choose another one!
Enter the coordinates: > 3 1
---------
| X O O |
|   X O |
|   X X |
---------
X wins
?[1;31m
Start test 4?[0m
Input command: > start medium user
---------
|       |
|       |
|       |
---------
Making move level "medium"
---------
|     X |
|       |
|       |
---------
Enter the coordinates: > 4 3
Coordinates should be from 1 to 3!
Enter the coordinates: > 2 1
---------
|     X |
|       |
|   O   |
---------
Making move level "medium"
---------
|     X |
|       |
|   O X |
---------
Enter the coordinates: > 2 2
---------
|     X |
|   O   |
|   O X |
---------
Making move level "medium"
---------
|   X X |
|   O   |
|   O X |
---------
Enter the coordinates: > 2 3
This cell is occupied! Choose another one!
Enter the coordinates: > 3 1
This cell is occupied! Choose another one!
Enter the coordinates: > 3 2
---------
|   X X |
|   O O |
|   O X |
---------
Making move level "medium"
---------
| X X X |
|   O O |
|   O X |
---------
X wins
?[1;31m
Start test 5?[0m
Input command: > start user hard
]]></system-out>
  <system-err><![CDATA[]]></system-err>
</testsuite>
